{"E:\\GitHub\\CIIT_Labs\\lab7\\src\\App.js": {"path":"E:\\GitHub\\CIIT_Labs\\lab7\\src\\App.js","statementMap":{"0":{"start":{"line":13,"column":15},"end":{"line":26,"column":1}},"1":{"start":{"line":16,"column":17},"end":{"line":16,"column":34}},"2":{"start":{"line":20,"column":17},"end":{"line":20,"column":45}},"3":{"start":{"line":24,"column":17},"end":{"line":24,"column":50}},"4":{"start":{"line":30,"column":8},"end":{"line":43,"column":9}}},"fnMap":{"0":{"name":"(anonymous_0)","decl":{"start":{"line":16,"column":11},"end":{"line":16,"column":12}},"loc":{"start":{"line":16,"column":17},"end":{"line":16,"column":34}},"line":16},"1":{"name":"(anonymous_1)","decl":{"start":{"line":20,"column":11},"end":{"line":20,"column":12}},"loc":{"start":{"line":20,"column":17},"end":{"line":20,"column":45}},"line":20},"2":{"name":"(anonymous_2)","decl":{"start":{"line":24,"column":11},"end":{"line":24,"column":12}},"loc":{"start":{"line":24,"column":17},"end":{"line":24,"column":50}},"line":24},"3":{"name":"(anonymous_3)","decl":{"start":{"line":29,"column":6},"end":{"line":29,"column":7}},"loc":{"start":{"line":29,"column":15},"end":{"line":44,"column":7}},"line":29}},"branchMap":{},"s":{"0":1,"1":0,"2":0,"3":0,"4":0},"f":{"0":0,"1":0,"2":0,"3":0},"b":{},"_coverageSchema":"332fd63041d2c1bcb487cc26dd0d5f7d97098a6c","hash":"44a84dac1cb38348d68396f7b9bfa58f5ac4095c"}
,"E:\\GitHub\\CIIT_Labs\\lab7\\src\\constants.js": {"path":"E:\\GitHub\\CIIT_Labs\\lab7\\src\\constants.js","statementMap":{"0":{"start":{"line":1,"column":18},"end":{"line":18,"column":1}}},"fnMap":{},"branchMap":{},"s":{"0":9},"f":{},"b":{},"_coverageSchema":"332fd63041d2c1bcb487cc26dd0d5f7d97098a6c","hash":"224a581f3a9448e9788b99e5809fb0b2a3422b6c"}
,"E:\\GitHub\\CIIT_Labs\\lab7\\src\\history.js": {"path":"E:\\GitHub\\CIIT_Labs\\lab7\\src\\history.js","statementMap":{"0":{"start":{"line":2,"column":16},"end":{"line":2,"column":31}}},"fnMap":{},"branchMap":{},"s":{"0":1},"f":{},"b":{},"_coverageSchema":"332fd63041d2c1bcb487cc26dd0d5f7d97098a6c","hash":"6eb613b3f358ce329cd64a9cc30a78aa368ff802"}
,"E:\\GitHub\\CIIT_Labs\\lab7\\src\\index.js": {"path":"E:\\GitHub\\CIIT_Labs\\lab7\\src\\index.js","statementMap":{"0":{"start":{"line":1,"column":0},"end":{"line":null,"column":-1}},"1":{"start":{"line":2,"column":0},"end":{"line":null,"column":-1}},"2":{"start":{"line":4,"column":0},"end":{"line":null,"column":-1}},"3":{"start":{"line":6,"column":0},"end":{"line":null,"column":-1}},"4":{"start":{"line":7,"column":0},"end":{"line":null,"column":-1}}},"fnMap":{},"branchMap":{"0":{"loc":{"start":{"line":11,"column":2},"end":{"line":11,"column":36}},"type":"binary-expr","locations":[{"start":{"line":11,"column":2},"end":{"line":11,"column":36}},{"start":{"line":11,"column":37},"end":{"line":9,"column":15}}]}},"s":{"0":0,"1":0,"2":0,"3":0,"4":0},"f":{},"b":{"0":[0,0]}}
,"E:\\GitHub\\CIIT_Labs\\lab7\\src\\sagas.js": {"path":"E:\\GitHub\\CIIT_Labs\\lab7\\src\\sagas.js","statementMap":{"0":{"start":{"line":6,"column":2},"end":{"line":6,"column":71}},"1":{"start":{"line":9,"column":2},"end":{"line":9,"column":90}},"2":{"start":{"line":12,"column":2},"end":{"line":12,"column":96}},"3":{"start":{"line":15,"column":2},"end":{"line":15,"column":80}},"4":{"start":{"line":18,"column":2},"end":{"line":18,"column":118}},"5":{"start":{"line":21,"column":2},"end":{"line":21,"column":127}},"6":{"start":{"line":24,"column":2},"end":{"line":24,"column":151}}},"fnMap":{"0":{"name":"watchFetchUser","decl":{"start":{"line":5,"column":17},"end":{"line":5,"column":31}},"loc":{"start":{"line":5,"column":34},"end":{"line":7,"column":1}},"line":5},"1":{"name":"watchFetchUserFollowers","decl":{"start":{"line":8,"column":17},"end":{"line":8,"column":40}},"loc":{"start":{"line":8,"column":43},"end":{"line":10,"column":1}},"line":8},"2":{"name":"watchFetchUserRepositories","decl":{"start":{"line":11,"column":17},"end":{"line":11,"column":43}},"loc":{"start":{"line":11,"column":46},"end":{"line":13,"column":1}},"line":11},"3":{"name":"watchFetchUserOrgs","decl":{"start":{"line":14,"column":17},"end":{"line":14,"column":35}},"loc":{"start":{"line":14,"column":38},"end":{"line":16,"column":1}},"line":14},"4":{"name":"watchFetchUserRepositoriesByCriteria","decl":{"start":{"line":17,"column":17},"end":{"line":17,"column":53}},"loc":{"start":{"line":17,"column":56},"end":{"line":19,"column":1}},"line":17},"5":{"name":"watchFetchUserRepositoriesByCriteriaBest","decl":{"start":{"line":20,"column":17},"end":{"line":20,"column":57}},"loc":{"start":{"line":20,"column":60},"end":{"line":22,"column":1}},"line":20},"6":{"name":"watchFetchUserRepositoriesByCriteriaBestFastGrowing","decl":{"start":{"line":23,"column":17},"end":{"line":23,"column":68}},"loc":{"start":{"line":23,"column":71},"end":{"line":25,"column":1}},"line":23}},"branchMap":{},"s":{"0":2,"1":2,"2":2,"3":2,"4":2,"5":2,"6":2},"f":{"0":2,"1":2,"2":2,"3":2,"4":2,"5":2,"6":2},"b":{},"_coverageSchema":"332fd63041d2c1bcb487cc26dd0d5f7d97098a6c","hash":"04b1e03049005ee4e59467af8c1b30a2b808daf6"}
,"E:\\GitHub\\CIIT_Labs\\lab7\\src\\store.js": {"path":"E:\\GitHub\\CIIT_Labs\\lab7\\src\\store.js","statementMap":{"0":{"start":{"line":7,"column":23},"end":{"line":7,"column":45}},"1":{"start":{"line":9,"column":14},"end":{"line":12,"column":1}},"2":{"start":{"line":13,"column":0},"end":{"line":13,"column":42}},"3":{"start":{"line":14,"column":0},"end":{"line":14,"column":51}},"4":{"start":{"line":15,"column":0},"end":{"line":15,"column":54}},"5":{"start":{"line":16,"column":0},"end":{"line":16,"column":46}},"6":{"start":{"line":17,"column":0},"end":{"line":17,"column":64}},"7":{"start":{"line":18,"column":0},"end":{"line":18,"column":68}},"8":{"start":{"line":19,"column":0},"end":{"line":19,"column":79}}},"fnMap":{},"branchMap":{},"s":{"0":1,"1":1,"2":1,"3":1,"4":1,"5":1,"6":1,"7":1,"8":1},"f":{},"b":{},"_coverageSchema":"332fd63041d2c1bcb487cc26dd0d5f7d97098a6c","hash":"c2e1a84aa61b6010910af67b35aab352b5206d1a"}
,"E:\\GitHub\\CIIT_Labs\\lab7\\src\\actions\\userAction.js": {"path":"E:\\GitHub\\CIIT_Labs\\lab7\\src\\actions\\userAction.js","statementMap":{"0":{"start":{"line":3,"column":25},"end":{"line":3,"column":70}},"1":{"start":{"line":3,"column":34},"end":{"line":3,"column":69}},"2":{"start":{"line":4,"column":34},"end":{"line":4,"column":89}},"3":{"start":{"line":4,"column":43},"end":{"line":4,"column":88}},"4":{"start":{"line":5,"column":37},"end":{"line":5,"column":95}},"5":{"start":{"line":5,"column":46},"end":{"line":5,"column":94}},"6":{"start":{"line":6,"column":29},"end":{"line":6,"column":79}},"7":{"start":{"line":6,"column":38},"end":{"line":6,"column":78}},"8":{"start":{"line":7,"column":31},"end":{"line":7,"column":66}},"9":{"start":{"line":7,"column":38},"end":{"line":7,"column":65}},"10":{"start":{"line":8,"column":47},"end":{"line":8,"column":117}},"11":{"start":{"line":8,"column":56},"end":{"line":8,"column":116}},"12":{"start":{"line":9,"column":53},"end":{"line":9,"column":113}},"13":{"start":{"line":9,"column":60},"end":{"line":9,"column":112}}},"fnMap":{"0":{"name":"(anonymous_0)","decl":{"start":{"line":3,"column":25},"end":{"line":3,"column":26}},"loc":{"start":{"line":3,"column":34},"end":{"line":3,"column":69}},"line":3},"1":{"name":"(anonymous_1)","decl":{"start":{"line":4,"column":34},"end":{"line":4,"column":35}},"loc":{"start":{"line":4,"column":43},"end":{"line":4,"column":88}},"line":4},"2":{"name":"(anonymous_2)","decl":{"start":{"line":5,"column":37},"end":{"line":5,"column":38}},"loc":{"start":{"line":5,"column":46},"end":{"line":5,"column":94}},"line":5},"3":{"name":"(anonymous_3)","decl":{"start":{"line":6,"column":29},"end":{"line":6,"column":30}},"loc":{"start":{"line":6,"column":38},"end":{"line":6,"column":78}},"line":6},"4":{"name":"(anonymous_4)","decl":{"start":{"line":7,"column":31},"end":{"line":7,"column":32}},"loc":{"start":{"line":7,"column":38},"end":{"line":7,"column":65}},"line":7},"5":{"name":"(anonymous_5)","decl":{"start":{"line":8,"column":47},"end":{"line":8,"column":48}},"loc":{"start":{"line":8,"column":56},"end":{"line":8,"column":116}},"line":8},"6":{"name":"(anonymous_6)","decl":{"start":{"line":9,"column":53},"end":{"line":9,"column":54}},"loc":{"start":{"line":9,"column":60},"end":{"line":9,"column":112}},"line":9}},"branchMap":{},"s":{"0":4,"1":3,"2":4,"3":3,"4":4,"5":3,"6":4,"7":3,"8":4,"9":9,"10":4,"11":7,"12":4,"13":7},"f":{"0":3,"1":3,"2":3,"3":3,"4":9,"5":7,"6":7},"b":{},"_coverageSchema":"332fd63041d2c1bcb487cc26dd0d5f7d97098a6c","hash":"e853d5c59326e16380176fbcff70eed610df4522"}
,"E:\\GitHub\\CIIT_Labs\\lab7\\src\\actions\\userSagasAction.js": {"path":"E:\\GitHub\\CIIT_Labs\\lab7\\src\\actions\\userSagasAction.js","statementMap":{"0":{"start":{"line":6,"column":13},"end":{"line":6,"column":22}},"1":{"start":{"line":9,"column":3},"end":{"line":17,"column":5}},"2":{"start":{"line":10,"column":19},"end":{"line":12,"column":36}},"3":{"start":{"line":11,"column":9},"end":{"line":12,"column":34}},"4":{"start":{"line":12,"column":25},"end":{"line":12,"column":33}},"5":{"start":{"line":13,"column":9},"end":{"line":13,"column":19}},"6":{"start":{"line":14,"column":9},"end":{"line":14,"column":46}},"7":{"start":{"line":16,"column":9},"end":{"line":16,"column":48}},"8":{"start":{"line":21,"column":4},"end":{"line":31,"column":5}},"9":{"start":{"line":22,"column":21},"end":{"line":26,"column":9}},"10":{"start":{"line":23,"column":11},"end":{"line":24,"column":48}},"11":{"start":{"line":24,"column":34},"end":{"line":24,"column":47}},"12":{"start":{"line":27,"column":8},"end":{"line":27,"column":18}},"13":{"start":{"line":28,"column":8},"end":{"line":28,"column":54}},"14":{"start":{"line":30,"column":7},"end":{"line":30,"column":46}},"15":{"start":{"line":35,"column":4},"end":{"line":45,"column":5}},"16":{"start":{"line":36,"column":21},"end":{"line":40,"column":9}},"17":{"start":{"line":37,"column":11},"end":{"line":38,"column":48}},"18":{"start":{"line":38,"column":34},"end":{"line":38,"column":47}},"19":{"start":{"line":41,"column":8},"end":{"line":41,"column":18}},"20":{"start":{"line":42,"column":8},"end":{"line":42,"column":57}},"21":{"start":{"line":44,"column":7},"end":{"line":44,"column":46}},"22":{"start":{"line":49,"column":4},"end":{"line":59,"column":5}},"23":{"start":{"line":50,"column":21},"end":{"line":54,"column":9}},"24":{"start":{"line":51,"column":11},"end":{"line":52,"column":48}},"25":{"start":{"line":52,"column":34},"end":{"line":52,"column":47}},"26":{"start":{"line":55,"column":8},"end":{"line":55,"column":18}},"27":{"start":{"line":56,"column":8},"end":{"line":56,"column":49}},"28":{"start":{"line":58,"column":7},"end":{"line":58,"column":46}},"29":{"start":{"line":63,"column":4},"end":{"line":73,"column":5}},"30":{"start":{"line":64,"column":21},"end":{"line":68,"column":9}},"31":{"start":{"line":65,"column":11},"end":{"line":66,"column":67}},"32":{"start":{"line":66,"column":34},"end":{"line":66,"column":66}},"33":{"start":{"line":69,"column":8},"end":{"line":69,"column":18}},"34":{"start":{"line":70,"column":8},"end":{"line":70,"column":67}},"35":{"start":{"line":72,"column":7},"end":{"line":72,"column":68}},"36":{"start":{"line":77,"column":4},"end":{"line":87,"column":5}},"37":{"start":{"line":78,"column":21},"end":{"line":82,"column":9}},"38":{"start":{"line":79,"column":11},"end":{"line":80,"column":65}},"39":{"start":{"line":80,"column":34},"end":{"line":80,"column":64}},"40":{"start":{"line":83,"column":8},"end":{"line":83,"column":18}},"41":{"start":{"line":84,"column":8},"end":{"line":84,"column":67}},"42":{"start":{"line":86,"column":7},"end":{"line":86,"column":68}},"43":{"start":{"line":92,"column":4},"end":{"line":102,"column":5}},"44":{"start":{"line":93,"column":21},"end":{"line":97,"column":9}},"45":{"start":{"line":94,"column":11},"end":{"line":95,"column":65}},"46":{"start":{"line":95,"column":34},"end":{"line":95,"column":64}},"47":{"start":{"line":98,"column":8},"end":{"line":98,"column":18}},"48":{"start":{"line":99,"column":8},"end":{"line":99,"column":67}},"49":{"start":{"line":101,"column":7},"end":{"line":101,"column":68}}},"fnMap":{"0":{"name":"fetchUserAsync","decl":{"start":{"line":8,"column":17},"end":{"line":8,"column":31}},"loc":{"start":{"line":8,"column":34},"end":{"line":18,"column":2}},"line":8},"1":{"name":"(anonymous_1)","decl":{"start":{"line":10,"column":30},"end":{"line":10,"column":31}},"loc":{"start":{"line":11,"column":9},"end":{"line":12,"column":34}},"line":11},"2":{"name":"(anonymous_2)","decl":{"start":{"line":12,"column":18},"end":{"line":12,"column":19}},"loc":{"start":{"line":12,"column":25},"end":{"line":12,"column":33}},"line":12},"3":{"name":"fetchUserFollowersAsync","decl":{"start":{"line":20,"column":18},"end":{"line":20,"column":41}},"loc":{"start":{"line":20,"column":44},"end":{"line":32,"column":2}},"line":20},"4":{"name":"(anonymous_4)","decl":{"start":{"line":22,"column":32},"end":{"line":22,"column":33}},"loc":{"start":{"line":23,"column":11},"end":{"line":24,"column":48}},"line":23},"5":{"name":"(anonymous_5)","decl":{"start":{"line":24,"column":22},"end":{"line":24,"column":23}},"loc":{"start":{"line":24,"column":34},"end":{"line":24,"column":47}},"line":24},"6":{"name":"fetchUserRepositoriesAsync","decl":{"start":{"line":34,"column":18},"end":{"line":34,"column":44}},"loc":{"start":{"line":34,"column":47},"end":{"line":46,"column":2}},"line":34},"7":{"name":"(anonymous_7)","decl":{"start":{"line":36,"column":32},"end":{"line":36,"column":33}},"loc":{"start":{"line":37,"column":11},"end":{"line":38,"column":48}},"line":37},"8":{"name":"(anonymous_8)","decl":{"start":{"line":38,"column":22},"end":{"line":38,"column":23}},"loc":{"start":{"line":38,"column":34},"end":{"line":38,"column":47}},"line":38},"9":{"name":"fetchUserOrgsAsync","decl":{"start":{"line":48,"column":18},"end":{"line":48,"column":36}},"loc":{"start":{"line":48,"column":39},"end":{"line":60,"column":2}},"line":48},"10":{"name":"(anonymous_10)","decl":{"start":{"line":50,"column":32},"end":{"line":50,"column":33}},"loc":{"start":{"line":51,"column":11},"end":{"line":52,"column":48}},"line":51},"11":{"name":"(anonymous_11)","decl":{"start":{"line":52,"column":22},"end":{"line":52,"column":23}},"loc":{"start":{"line":52,"column":34},"end":{"line":52,"column":47}},"line":52},"12":{"name":"fetchUserRepositoriesByCriteriaAsync","decl":{"start":{"line":62,"column":18},"end":{"line":62,"column":54}},"loc":{"start":{"line":62,"column":63},"end":{"line":74,"column":2}},"line":62},"13":{"name":"(anonymous_13)","decl":{"start":{"line":64,"column":32},"end":{"line":64,"column":33}},"loc":{"start":{"line":65,"column":11},"end":{"line":66,"column":67}},"line":65},"14":{"name":"(anonymous_14)","decl":{"start":{"line":66,"column":22},"end":{"line":66,"column":23}},"loc":{"start":{"line":66,"column":34},"end":{"line":66,"column":66}},"line":66},"15":{"name":"fetchUserRepositoriesByCriteriaBestAsync","decl":{"start":{"line":76,"column":18},"end":{"line":76,"column":58}},"loc":{"start":{"line":76,"column":61},"end":{"line":88,"column":2}},"line":76},"16":{"name":"(anonymous_16)","decl":{"start":{"line":78,"column":32},"end":{"line":78,"column":33}},"loc":{"start":{"line":79,"column":11},"end":{"line":80,"column":65}},"line":79},"17":{"name":"(anonymous_17)","decl":{"start":{"line":80,"column":22},"end":{"line":80,"column":23}},"loc":{"start":{"line":80,"column":34},"end":{"line":80,"column":64}},"line":80},"18":{"name":"fetchUserRepositoriesByCriteriaBestFastGrowingAsync","decl":{"start":{"line":91,"column":18},"end":{"line":91,"column":69}},"loc":{"start":{"line":91,"column":72},"end":{"line":103,"column":2}},"line":91},"19":{"name":"(anonymous_19)","decl":{"start":{"line":93,"column":32},"end":{"line":93,"column":33}},"loc":{"start":{"line":94,"column":11},"end":{"line":95,"column":65}},"line":94},"20":{"name":"(anonymous_20)","decl":{"start":{"line":95,"column":22},"end":{"line":95,"column":23}},"loc":{"start":{"line":95,"column":34},"end":{"line":95,"column":64}},"line":95}},"branchMap":{"0":{"loc":{"start":{"line":65,"column":69},"end":{"line":65,"column":111}},"type":"cond-expr","locations":[{"start":{"line":65,"column":91},"end":{"line":65,"column":106}},{"start":{"line":65,"column":109},"end":{"line":65,"column":111}}],"line":65}},"s":{"0":3,"1":3,"2":3,"3":0,"4":0,"5":1,"6":1,"7":1,"8":3,"9":3,"10":0,"11":0,"12":1,"13":1,"14":1,"15":3,"16":3,"17":0,"18":0,"19":1,"20":1,"21":1,"22":3,"23":3,"24":0,"25":0,"26":1,"27":1,"28":1,"29":3,"30":3,"31":0,"32":0,"33":1,"34":1,"35":1,"36":3,"37":3,"38":0,"39":0,"40":1,"41":1,"42":1,"43":3,"44":3,"45":0,"46":0,"47":1,"48":1,"49":1},"f":{"0":3,"1":0,"2":0,"3":3,"4":0,"5":0,"6":3,"7":0,"8":0,"9":3,"10":0,"11":0,"12":3,"13":0,"14":0,"15":3,"16":0,"17":0,"18":3,"19":0,"20":0},"b":{"0":[0,0]},"_coverageSchema":"332fd63041d2c1bcb487cc26dd0d5f7d97098a6c","hash":"968bc8985d3bff89991e7438f069395c8f85ba34"}
,"E:\\GitHub\\CIIT_Labs\\lab7\\src\\components\\LabelWithIcon.js": {"path":"E:\\GitHub\\CIIT_Labs\\lab7\\src\\components\\LabelWithIcon.js","statementMap":{"0":{"start":{"line":11,"column":37},"end":{"line":11,"column":47}},"1":{"start":{"line":12,"column":4},"end":{"line":21,"column":5}}},"fnMap":{"0":{"name":"(anonymous_0)","decl":{"start":{"line":10,"column":2},"end":{"line":10,"column":3}},"loc":{"start":{"line":10,"column":11},"end":{"line":22,"column":3}},"line":10}},"branchMap":{"0":{"loc":{"start":{"line":16,"column":12},"end":{"line":18,"column":116}},"type":"cond-expr","locations":[{"start":{"line":17,"column":14},"end":{"line":17,"column":89}},{"start":{"line":18,"column":14},"end":{"line":18,"column":116}}],"line":16},"1":{"loc":{"start":{"line":17,"column":62},"end":{"line":17,"column":84}},"type":"cond-expr","locations":[{"start":{"line":17,"column":70},"end":{"line":17,"column":75}},{"start":{"line":17,"column":78},"end":{"line":17,"column":84}}],"line":17},"2":{"loc":{"start":{"line":18,"column":67},"end":{"line":18,"column":86}},"type":"cond-expr","locations":[{"start":{"line":18,"column":75},"end":{"line":18,"column":80}},{"start":{"line":18,"column":83},"end":{"line":18,"column":86}}],"line":18},"3":{"loc":{"start":{"line":18,"column":89},"end":{"line":18,"column":111}},"type":"cond-expr","locations":[{"start":{"line":18,"column":97},"end":{"line":18,"column":102}},{"start":{"line":18,"column":105},"end":{"line":18,"column":111}}],"line":18}},"s":{"0":8,"1":8},"f":{"0":8},"b":{"0":[4,4],"1":[3,1],"2":[3,1],"3":[3,1]},"_coverageSchema":"332fd63041d2c1bcb487cc26dd0d5f7d97098a6c","hash":"d1c9b88c5a2ad910f1e41beebe7d79aefe97ea0a"}
,"E:\\GitHub\\CIIT_Labs\\lab7\\src\\components\\NavBar.js": {"path":"E:\\GitHub\\CIIT_Labs\\lab7\\src\\components\\NavBar.js","statementMap":{"0":{"start":{"line":10,"column":4},"end":{"line":11,"column":47}},"1":{"start":{"line":11,"column":22},"end":{"line":11,"column":29}},"2":{"start":{"line":13,"column":4},"end":{"line":21,"column":7}},"3":{"start":{"line":17,"column":50},"end":{"line":17,"column":94}}},"fnMap":{"0":{"name":"(anonymous_0)","decl":{"start":{"line":9,"column":21},"end":{"line":9,"column":22}},"loc":{"start":{"line":10,"column":4},"end":{"line":11,"column":47}},"line":10},"1":{"name":"(anonymous_1)","decl":{"start":{"line":11,"column":17},"end":{"line":11,"column":18}},"loc":{"start":{"line":11,"column":22},"end":{"line":11,"column":29}},"line":11},"2":{"name":"(anonymous_2)","decl":{"start":{"line":12,"column":2},"end":{"line":12,"column":3}},"loc":{"start":{"line":12,"column":11},"end":{"line":22,"column":5}},"line":12},"3":{"name":"(anonymous_3)","decl":{"start":{"line":17,"column":39},"end":{"line":17,"column":40}},"loc":{"start":{"line":17,"column":50},"end":{"line":17,"column":94}},"line":17}},"branchMap":{},"s":{"0":2,"1":1,"2":2,"3":2},"f":{"0":2,"1":1,"2":2,"3":2},"b":{},"_coverageSchema":"332fd63041d2c1bcb487cc26dd0d5f7d97098a6c","hash":"e48bb81c813cb53498d563d31247943304cba369"}
,"E:\\GitHub\\CIIT_Labs\\lab7\\src\\components\\UserInfo.js": {"path":"E:\\GitHub\\CIIT_Labs\\lab7\\src\\components\\UserInfo.js","statementMap":{"0":{"start":{"line":10,"column":21},"end":{"line":10,"column":31}},"1":{"start":{"line":11,"column":4},"end":{"line":28,"column":5}}},"fnMap":{"0":{"name":"(anonymous_0)","decl":{"start":{"line":9,"column":2},"end":{"line":9,"column":3}},"loc":{"start":{"line":9,"column":11},"end":{"line":29,"column":3}},"line":9}},"branchMap":{"0":{"loc":{"start":{"line":12,"column":6},"end":{"line":27,"column":9}},"type":"cond-expr","locations":[{"start":{"line":14,"column":10},"end":{"line":24,"column":16}},{"start":{"line":26,"column":10},"end":{"line":26,"column":107}}],"line":12}},"s":{"0":4,"1":4},"f":{"0":4},"b":{"0":[3,1]},"_coverageSchema":"332fd63041d2c1bcb487cc26dd0d5f7d97098a6c","hash":"81eb12439f1659fd8d1f1cd7b99b4448534e6dcc"}
,"E:\\GitHub\\CIIT_Labs\\lab7\\src\\components\\UserTabs.js": {"path":"E:\\GitHub\\CIIT_Labs\\lab7\\src\\components\\UserTabs.js","statementMap":{"0":{"start":{"line":8,"column":4},"end":{"line":8,"column":16}},"1":{"start":{"line":9,"column":4},"end":{"line":9,"column":40}},"2":{"start":{"line":10,"column":4},"end":{"line":12,"column":5}},"3":{"start":{"line":19,"column":4},"end":{"line":23,"column":5}},"4":{"start":{"line":20,"column":6},"end":{"line":22,"column":8}},"5":{"start":{"line":26,"column":4},"end":{"line":33,"column":14}},"6":{"start":{"line":29,"column":23},"end":{"line":29,"column":38}},"7":{"start":{"line":36,"column":4},"end":{"line":48,"column":14}},"8":{"start":{"line":51,"column":4},"end":{"line":60,"column":7}},"9":{"start":{"line":54,"column":41},"end":{"line":54,"column":66}},"10":{"start":{"line":57,"column":42},"end":{"line":57,"column":63}}},"fnMap":{"0":{"name":"(anonymous_0)","decl":{"start":{"line":7,"column":2},"end":{"line":7,"column":3}},"loc":{"start":{"line":7,"column":21},"end":{"line":13,"column":3}},"line":7},"1":{"name":"(anonymous_1)","decl":{"start":{"line":18,"column":11},"end":{"line":18,"column":12}},"loc":{"start":{"line":18,"column":18},"end":{"line":24,"column":3}},"line":18},"2":{"name":"(anonymous_2)","decl":{"start":{"line":25,"column":18},"end":{"line":25,"column":19}},"loc":{"start":{"line":26,"column":4},"end":{"line":33,"column":14}},"line":26},"3":{"name":"(anonymous_3)","decl":{"start":{"line":29,"column":17},"end":{"line":29,"column":18}},"loc":{"start":{"line":29,"column":23},"end":{"line":29,"column":38}},"line":29},"4":{"name":"(anonymous_4)","decl":{"start":{"line":35,"column":18},"end":{"line":35,"column":19}},"loc":{"start":{"line":36,"column":4},"end":{"line":48,"column":14}},"line":36},"5":{"name":"(anonymous_5)","decl":{"start":{"line":50,"column":2},"end":{"line":50,"column":3}},"loc":{"start":{"line":50,"column":11},"end":{"line":61,"column":5}},"line":50},"6":{"name":"(anonymous_6)","decl":{"start":{"line":54,"column":31},"end":{"line":54,"column":32}},"loc":{"start":{"line":54,"column":41},"end":{"line":54,"column":66}},"line":54},"7":{"name":"(anonymous_7)","decl":{"start":{"line":57,"column":31},"end":{"line":57,"column":32}},"loc":{"start":{"line":57,"column":42},"end":{"line":57,"column":63}},"line":57}},"branchMap":{"0":{"loc":{"start":{"line":19,"column":4},"end":{"line":23,"column":5}},"type":"if","locations":[{"start":{"line":19,"column":4},"end":{"line":23,"column":5}},{"start":{"line":19,"column":4},"end":{"line":23,"column":5}}],"line":19}},"s":{"0":2,"1":2,"2":2,"3":0,"4":0,"5":4,"6":0,"7":4,"8":2,"9":4,"10":4},"f":{"0":2,"1":0,"2":4,"3":0,"4":4,"5":2,"6":4,"7":4},"b":{"0":[0,0]},"_coverageSchema":"332fd63041d2c1bcb487cc26dd0d5f7d97098a6c","hash":"2fd1e5756fb37575b2b820c90f44d1ce355e067d"}
,"E:\\GitHub\\CIIT_Labs\\lab7\\src\\containers\\AnotherPage.js": {"path":"E:\\GitHub\\CIIT_Labs\\lab7\\src\\containers\\AnotherPage.js","statementMap":{"0":{"start":{"line":8,"column":4},"end":{"line":8,"column":16}},"1":{"start":{"line":9,"column":4},"end":{"line":9,"column":35}},"2":{"start":{"line":10,"column":4},"end":{"line":10,"column":38}},"3":{"start":{"line":14,"column":4},"end":{"line":16,"column":9}},"4":{"start":{"line":15,"column":29},"end":{"line":15,"column":102}},"5":{"start":{"line":19,"column":21},"end":{"line":19,"column":31}},"6":{"start":{"line":20,"column":4},"end":{"line":41,"column":7}},"7":{"start":{"line":26,"column":49},"end":{"line":26,"column":104}},"8":{"start":{"line":35,"column":52},"end":{"line":35,"column":105}},"9":{"start":{"line":45,"column":24},"end":{"line":47,"column":2}},"10":{"start":{"line":45,"column":34},"end":{"line":47,"column":1}},"11":{"start":{"line":49,"column":27},"end":{"line":52,"column":2}},"12":{"start":{"line":49,"column":40},"end":{"line":52,"column":1}},"13":{"start":{"line":50,"column":30},"end":{"line":50,"column":72}},"14":{"start":{"line":51,"column":33},"end":{"line":51,"column":78}}},"fnMap":{"0":{"name":"(anonymous_0)","decl":{"start":{"line":7,"column":2},"end":{"line":7,"column":3}},"loc":{"start":{"line":7,"column":20},"end":{"line":11,"column":3}},"line":7},"1":{"name":"(anonymous_1)","decl":{"start":{"line":13,"column":19},"end":{"line":13,"column":20}},"loc":{"start":{"line":14,"column":4},"end":{"line":16,"column":9}},"line":14},"2":{"name":"(anonymous_2)","decl":{"start":{"line":15,"column":19},"end":{"line":15,"column":20}},"loc":{"start":{"line":15,"column":29},"end":{"line":15,"column":102}},"line":15},"3":{"name":"(anonymous_3)","decl":{"start":{"line":18,"column":2},"end":{"line":18,"column":3}},"loc":{"start":{"line":18,"column":11},"end":{"line":42,"column":5}},"line":18},"4":{"name":"(anonymous_4)","decl":{"start":{"line":26,"column":43},"end":{"line":26,"column":44}},"loc":{"start":{"line":26,"column":49},"end":{"line":26,"column":104}},"line":26},"5":{"name":"(anonymous_5)","decl":{"start":{"line":35,"column":46},"end":{"line":35,"column":47}},"loc":{"start":{"line":35,"column":52},"end":{"line":35,"column":105}},"line":35},"6":{"name":"(anonymous_6)","decl":{"start":{"line":45,"column":24},"end":{"line":45,"column":25}},"loc":{"start":{"line":45,"column":34},"end":{"line":47,"column":1}},"line":45},"7":{"name":"(anonymous_7)","decl":{"start":{"line":49,"column":27},"end":{"line":49,"column":28}},"loc":{"start":{"line":49,"column":40},"end":{"line":52,"column":1}},"line":49},"8":{"name":"(anonymous_8)","decl":{"start":{"line":50,"column":24},"end":{"line":50,"column":25}},"loc":{"start":{"line":50,"column":30},"end":{"line":50,"column":72}},"line":50},"9":{"name":"(anonymous_9)","decl":{"start":{"line":51,"column":27},"end":{"line":51,"column":28}},"loc":{"start":{"line":51,"column":33},"end":{"line":51,"column":78}},"line":51}},"branchMap":{"0":{"loc":{"start":{"line":24,"column":17},"end":{"line":28,"column":117}},"type":"cond-expr","locations":[{"start":{"line":25,"column":20},"end":{"line":27,"column":52}},{"start":{"line":28,"column":20},"end":{"line":28,"column":117}}],"line":24},"1":{"loc":{"start":{"line":25,"column":20},"end":{"line":27,"column":52}},"type":"cond-expr","locations":[{"start":{"line":26,"column":24},"end":{"line":26,"column":105}},{"start":{"line":27,"column":24},"end":{"line":27,"column":52}}],"line":25},"2":{"loc":{"start":{"line":33,"column":17},"end":{"line":37,"column":117}},"type":"cond-expr","locations":[{"start":{"line":34,"column":20},"end":{"line":36,"column":55}},{"start":{"line":37,"column":20},"end":{"line":37,"column":117}}],"line":33},"3":{"loc":{"start":{"line":34,"column":20},"end":{"line":36,"column":55}},"type":"cond-expr","locations":[{"start":{"line":35,"column":24},"end":{"line":35,"column":106}},{"start":{"line":36,"column":24},"end":{"line":36,"column":55}}],"line":34}},"s":{"0":3,"1":3,"2":3,"3":2,"4":4,"5":3,"6":3,"7":1,"8":1,"9":2,"10":3,"11":2,"12":3,"13":3,"14":3},"f":{"0":3,"1":2,"2":4,"3":3,"4":1,"5":1,"6":3,"7":3,"8":3,"9":3},"b":{"0":[2,1],"1":[1,1],"2":[2,1],"3":[1,1]},"_coverageSchema":"332fd63041d2c1bcb487cc26dd0d5f7d97098a6c","hash":"6b7b235c94561a3d65a57cf32b424e0272fc3959"}
,"E:\\GitHub\\CIIT_Labs\\lab7\\src\\containers\\Home.js": {"path":"E:\\GitHub\\CIIT_Labs\\lab7\\src\\containers\\Home.js","statementMap":{"0":{"start":{"line":10,"column":4},"end":{"line":10,"column":16}},"1":{"start":{"line":11,"column":4},"end":{"line":11,"column":26}},"2":{"start":{"line":12,"column":4},"end":{"line":12,"column":30}},"3":{"start":{"line":15,"column":4},"end":{"line":24,"column":7}},"4":{"start":{"line":28,"column":24},"end":{"line":30,"column":2}},"5":{"start":{"line":28,"column":34},"end":{"line":30,"column":1}},"6":{"start":{"line":32,"column":27},"end":{"line":35,"column":2}},"7":{"start":{"line":32,"column":40},"end":{"line":35,"column":1}},"8":{"start":{"line":33,"column":21},"end":{"line":33,"column":53}},"9":{"start":{"line":34,"column":25},"end":{"line":34,"column":62}}},"fnMap":{"0":{"name":"(anonymous_0)","decl":{"start":{"line":9,"column":2},"end":{"line":9,"column":3}},"loc":{"start":{"line":9,"column":20},"end":{"line":13,"column":3}},"line":9},"1":{"name":"(anonymous_1)","decl":{"start":{"line":14,"column":2},"end":{"line":14,"column":3}},"loc":{"start":{"line":14,"column":11},"end":{"line":25,"column":5}},"line":14},"2":{"name":"(anonymous_2)","decl":{"start":{"line":28,"column":24},"end":{"line":28,"column":25}},"loc":{"start":{"line":28,"column":34},"end":{"line":30,"column":1}},"line":28},"3":{"name":"(anonymous_3)","decl":{"start":{"line":32,"column":27},"end":{"line":32,"column":28}},"loc":{"start":{"line":32,"column":40},"end":{"line":35,"column":1}},"line":32},"4":{"name":"(anonymous_4)","decl":{"start":{"line":33,"column":15},"end":{"line":33,"column":16}},"loc":{"start":{"line":33,"column":21},"end":{"line":33,"column":53}},"line":33},"5":{"name":"(anonymous_5)","decl":{"start":{"line":34,"column":19},"end":{"line":34,"column":20}},"loc":{"start":{"line":34,"column":25},"end":{"line":34,"column":62}},"line":34}},"branchMap":{},"s":{"0":1,"1":1,"2":1,"3":1,"4":2,"5":1,"6":2,"7":1,"8":1,"9":1},"f":{"0":1,"1":1,"2":1,"3":1,"4":1,"5":1},"b":{},"_coverageSchema":"332fd63041d2c1bcb487cc26dd0d5f7d97098a6c","hash":"fab80bda4904e21893ffd34d1c58c4249ce53d6b"}
,"E:\\GitHub\\CIIT_Labs\\lab7\\src\\containers\\RepositoriesPage.js": {"path":"E:\\GitHub\\CIIT_Labs\\lab7\\src\\containers\\RepositoriesPage.js","statementMap":{"0":{"start":{"line":8,"column":4},"end":{"line":10,"column":9}},"1":{"start":{"line":9,"column":29},"end":{"line":9,"column":102}},"2":{"start":{"line":13,"column":29},"end":{"line":13,"column":39}},"3":{"start":{"line":14,"column":4},"end":{"line":59,"column":7}},"4":{"start":{"line":29,"column":38},"end":{"line":32,"column":25}},"5":{"start":{"line":37,"column":38},"end":{"line":37,"column":86}},"6":{"start":{"line":42,"column":38},"end":{"line":42,"column":97}},"7":{"start":{"line":53,"column":59},"end":{"line":53,"column":112}},"8":{"start":{"line":63,"column":24},"end":{"line":65,"column":2}},"9":{"start":{"line":63,"column":34},"end":{"line":65,"column":1}},"10":{"start":{"line":67,"column":27},"end":{"line":71,"column":2}},"11":{"start":{"line":67,"column":40},"end":{"line":71,"column":1}},"12":{"start":{"line":68,"column":53},"end":{"line":68,"column":133}},"13":{"start":{"line":69,"column":47},"end":{"line":69,"column":109}},"14":{"start":{"line":70,"column":58},"end":{"line":70,"column":133}}},"fnMap":{"0":{"name":"(anonymous_0)","decl":{"start":{"line":7,"column":19},"end":{"line":7,"column":20}},"loc":{"start":{"line":8,"column":4},"end":{"line":10,"column":9}},"line":8},"1":{"name":"(anonymous_1)","decl":{"start":{"line":9,"column":19},"end":{"line":9,"column":20}},"loc":{"start":{"line":9,"column":29},"end":{"line":9,"column":102}},"line":9},"2":{"name":"(anonymous_2)","decl":{"start":{"line":12,"column":2},"end":{"line":12,"column":3}},"loc":{"start":{"line":12,"column":11},"end":{"line":60,"column":5}},"line":12},"3":{"name":"(anonymous_3)","decl":{"start":{"line":29,"column":33},"end":{"line":29,"column":34}},"loc":{"start":{"line":29,"column":38},"end":{"line":32,"column":25}},"line":29},"4":{"name":"(anonymous_4)","decl":{"start":{"line":37,"column":33},"end":{"line":37,"column":34}},"loc":{"start":{"line":37,"column":38},"end":{"line":37,"column":86}},"line":37},"5":{"name":"(anonymous_5)","decl":{"start":{"line":42,"column":33},"end":{"line":42,"column":34}},"loc":{"start":{"line":42,"column":38},"end":{"line":42,"column":97}},"line":42},"6":{"name":"(anonymous_6)","decl":{"start":{"line":53,"column":53},"end":{"line":53,"column":54}},"loc":{"start":{"line":53,"column":59},"end":{"line":53,"column":112}},"line":53},"7":{"name":"(anonymous_7)","decl":{"start":{"line":63,"column":24},"end":{"line":63,"column":25}},"loc":{"start":{"line":63,"column":34},"end":{"line":65,"column":1}},"line":63},"8":{"name":"(anonymous_8)","decl":{"start":{"line":67,"column":27},"end":{"line":67,"column":28}},"loc":{"start":{"line":67,"column":40},"end":{"line":71,"column":1}},"line":67},"9":{"name":"(anonymous_9)","decl":{"start":{"line":68,"column":37},"end":{"line":68,"column":38}},"loc":{"start":{"line":68,"column":53},"end":{"line":68,"column":133}},"line":68},"10":{"name":"(anonymous_10)","decl":{"start":{"line":69,"column":41},"end":{"line":69,"column":42}},"loc":{"start":{"line":69,"column":47},"end":{"line":69,"column":109}},"line":69},"11":{"name":"(anonymous_11)","decl":{"start":{"line":70,"column":52},"end":{"line":70,"column":53}},"loc":{"start":{"line":70,"column":58},"end":{"line":70,"column":133}},"line":70}},"branchMap":{"0":{"loc":{"start":{"line":50,"column":13},"end":{"line":55,"column":53}},"type":"cond-expr","locations":[{"start":{"line":51,"column":21},"end":{"line":54,"column":26}},{"start":{"line":55,"column":22},"end":{"line":55,"column":53}}],"line":50},"1":{"loc":{"start":{"line":50,"column":13},"end":{"line":50,"column":74}},"type":"binary-expr","locations":[{"start":{"line":50,"column":13},"end":{"line":50,"column":32}},{"start":{"line":50,"column":36},"end":{"line":50,"column":74}}],"line":50}},"s":{"0":1,"1":2,"2":2,"3":2,"4":0,"5":0,"6":0,"7":1,"8":2,"9":2,"10":2,"11":2,"12":0,"13":0,"14":0},"f":{"0":1,"1":2,"2":2,"3":0,"4":0,"5":0,"6":1,"7":2,"8":2,"9":0,"10":0,"11":0},"b":{"0":[1,1],"1":[2,2]},"_coverageSchema":"332fd63041d2c1bcb487cc26dd0d5f7d97098a6c","hash":"d356618c6c7a8e1c38cb535f28d42a38498433e3"}
,"E:\\GitHub\\CIIT_Labs\\lab7\\src\\reducers\\rootReducer.js": {"path":"E:\\GitHub\\CIIT_Labs\\lab7\\src\\reducers\\rootReducer.js","statementMap":{},"fnMap":{},"branchMap":{},"s":{},"f":{},"b":{},"_coverageSchema":"332fd63041d2c1bcb487cc26dd0d5f7d97098a6c","hash":"bae0c0e24ad7fdffb94d6573c529f585f5cb8157"}
,"E:\\GitHub\\CIIT_Labs\\lab7\\src\\reducers\\searchReducer.js": {"path":"E:\\GitHub\\CIIT_Labs\\lab7\\src\\reducers\\searchReducer.js","statementMap":{"0":{"start":{"line":3,"column":19},"end":{"line":6,"column":1}},"1":{"start":{"line":8,"column":29},"end":{"line":17,"column":1}},"2":{"start":{"line":9,"column":4},"end":{"line":16,"column":5}},"3":{"start":{"line":11,"column":12},"end":{"line":11,"column":75}},"4":{"start":{"line":13,"column":12},"end":{"line":13,"column":44}},"5":{"start":{"line":15,"column":12},"end":{"line":15,"column":24}}},"fnMap":{"0":{"name":"(anonymous_0)","decl":{"start":{"line":8,"column":29},"end":{"line":8,"column":30}},"loc":{"start":{"line":8,"column":63},"end":{"line":17,"column":1}},"line":8}},"branchMap":{"0":{"loc":{"start":{"line":8,"column":30},"end":{"line":8,"column":50}},"type":"default-arg","locations":[{"start":{"line":8,"column":38},"end":{"line":8,"column":50}}],"line":8},"1":{"loc":{"start":{"line":9,"column":4},"end":{"line":16,"column":5}},"type":"switch","locations":[{"start":{"line":10,"column":8},"end":{"line":11,"column":75}},{"start":{"line":12,"column":8},"end":{"line":13,"column":44}},{"start":{"line":14,"column":8},"end":{"line":15,"column":24}}],"line":9}},"s":{"0":2,"1":2,"2":6,"3":1,"4":1,"5":4},"f":{"0":6},"b":{"0":[6],"1":[1,1,4]},"_coverageSchema":"332fd63041d2c1bcb487cc26dd0d5f7d97098a6c","hash":"b210bc1858cfdb7b0fe7b22862fe07b494eea56f"}
,"E:\\GitHub\\CIIT_Labs\\lab7\\src\\reducers\\userReducer.js": {"path":"E:\\GitHub\\CIIT_Labs\\lab7\\src\\reducers\\userReducer.js","statementMap":{"0":{"start":{"line":3,"column":19},"end":{"line":16,"column":1}},"1":{"start":{"line":17,"column":27},"end":{"line":33,"column":1}},"2":{"start":{"line":18,"column":4},"end":{"line":32,"column":5}},"3":{"start":{"line":20,"column":83},"end":{"line":20,"column":97}},"4":{"start":{"line":21,"column":12},"end":{"line":21,"column":114}},"5":{"start":{"line":23,"column":12},"end":{"line":23,"column":72}},"6":{"start":{"line":25,"column":12},"end":{"line":25,"column":75}},"7":{"start":{"line":27,"column":12},"end":{"line":27,"column":67}},"8":{"start":{"line":29,"column":12},"end":{"line":29,"column":44}},"9":{"start":{"line":31,"column":12},"end":{"line":31,"column":24}}},"fnMap":{"0":{"name":"(anonymous_0)","decl":{"start":{"line":17,"column":27},"end":{"line":17,"column":28}},"loc":{"start":{"line":17,"column":61},"end":{"line":33,"column":1}},"line":17}},"branchMap":{"0":{"loc":{"start":{"line":17,"column":28},"end":{"line":17,"column":48}},"type":"default-arg","locations":[{"start":{"line":17,"column":36},"end":{"line":17,"column":48}}],"line":17},"1":{"loc":{"start":{"line":18,"column":4},"end":{"line":32,"column":5}},"type":"switch","locations":[{"start":{"line":19,"column":8},"end":{"line":21,"column":114}},{"start":{"line":22,"column":8},"end":{"line":23,"column":72}},{"start":{"line":24,"column":8},"end":{"line":25,"column":75}},{"start":{"line":26,"column":8},"end":{"line":27,"column":67}},{"start":{"line":28,"column":8},"end":{"line":29,"column":44}},{"start":{"line":30,"column":8},"end":{"line":31,"column":24}}],"line":18}},"s":{"0":2,"1":2,"2":9,"3":1,"4":1,"5":1,"6":1,"7":1,"8":1,"9":4},"f":{"0":9},"b":{"0":[9],"1":[1,1,1,1,1,4]},"_coverageSchema":"332fd63041d2c1bcb487cc26dd0d5f7d97098a6c","hash":"c586ff0358db5b36256036a7953719cafb563803"}
}
