TN:
SF:E:\GitHub\CIIT_Labs\lab7\src\App.js
FN:16,(anonymous_0)
FN:20,(anonymous_1)
FN:24,(anonymous_2)
FN:29,(anonymous_3)
FNF:4
FNH:0
FNDA:0,(anonymous_0)
FNDA:0,(anonymous_1)
FNDA:0,(anonymous_2)
FNDA:0,(anonymous_3)
DA:13,1
DA:16,0
DA:20,0
DA:24,0
DA:30,0
LF:5
LH:1
BRF:0
BRH:0
end_of_record
TN:
SF:E:\GitHub\CIIT_Labs\lab7\src\constants.js
FNF:0
FNH:0
DA:1,9
LF:1
LH:1
BRF:0
BRH:0
end_of_record
TN:
SF:E:\GitHub\CIIT_Labs\lab7\src\history.js
FNF:0
FNH:0
DA:2,1
LF:1
LH:1
BRF:0
BRH:0
end_of_record
TN:
SF:E:\GitHub\CIIT_Labs\lab7\src\index.js
FNF:0
FNH:0
DA:1,0
DA:2,0
DA:4,0
DA:6,0
DA:7,0
LF:5
LH:0
BRDA:11,0,0,0
BRDA:11,0,1,0
BRF:2
BRH:0
end_of_record
TN:
SF:E:\GitHub\CIIT_Labs\lab7\src\sagas.js
FN:5,watchFetchUser
FN:8,watchFetchUserFollowers
FN:11,watchFetchUserRepositories
FN:14,watchFetchUserOrgs
FN:17,watchFetchUserRepositoriesByCriteria
FN:20,watchFetchUserRepositoriesByCriteriaBest
FN:23,watchFetchUserRepositoriesByCriteriaBestFastGrowing
FNF:7
FNH:7
FNDA:2,watchFetchUser
FNDA:2,watchFetchUserFollowers
FNDA:2,watchFetchUserRepositories
FNDA:2,watchFetchUserOrgs
FNDA:2,watchFetchUserRepositoriesByCriteria
FNDA:2,watchFetchUserRepositoriesByCriteriaBest
FNDA:2,watchFetchUserRepositoriesByCriteriaBestFastGrowing
DA:6,2
DA:9,2
DA:12,2
DA:15,2
DA:18,2
DA:21,2
DA:24,2
LF:7
LH:7
BRF:0
BRH:0
end_of_record
TN:
SF:E:\GitHub\CIIT_Labs\lab7\src\store.js
FNF:0
FNH:0
DA:7,1
DA:9,1
DA:13,1
DA:14,1
DA:15,1
DA:16,1
DA:17,1
DA:18,1
DA:19,1
LF:9
LH:9
BRF:0
BRH:0
end_of_record
TN:
SF:E:\GitHub\CIIT_Labs\lab7\src\actions\userAction.js
FN:3,(anonymous_0)
FN:4,(anonymous_1)
FN:5,(anonymous_2)
FN:6,(anonymous_3)
FN:7,(anonymous_4)
FN:8,(anonymous_5)
FN:9,(anonymous_6)
FNF:7
FNH:7
FNDA:3,(anonymous_0)
FNDA:3,(anonymous_1)
FNDA:3,(anonymous_2)
FNDA:3,(anonymous_3)
FNDA:9,(anonymous_4)
FNDA:7,(anonymous_5)
FNDA:7,(anonymous_6)
DA:3,4
DA:4,4
DA:5,4
DA:6,4
DA:7,9
DA:8,7
DA:9,7
LF:7
LH:7
BRF:0
BRH:0
end_of_record
TN:
SF:E:\GitHub\CIIT_Labs\lab7\src\actions\userSagasAction.js
FN:8,fetchUserAsync
FN:10,(anonymous_1)
FN:12,(anonymous_2)
FN:20,fetchUserFollowersAsync
FN:22,(anonymous_4)
FN:24,(anonymous_5)
FN:34,fetchUserRepositoriesAsync
FN:36,(anonymous_7)
FN:38,(anonymous_8)
FN:48,fetchUserOrgsAsync
FN:50,(anonymous_10)
FN:52,(anonymous_11)
FN:62,fetchUserRepositoriesByCriteriaAsync
FN:64,(anonymous_13)
FN:66,(anonymous_14)
FN:76,fetchUserRepositoriesByCriteriaBestAsync
FN:78,(anonymous_16)
FN:80,(anonymous_17)
FN:91,fetchUserRepositoriesByCriteriaBestFastGrowingAsync
FN:93,(anonymous_19)
FN:95,(anonymous_20)
FNF:21
FNH:7
FNDA:3,fetchUserAsync
FNDA:0,(anonymous_1)
FNDA:0,(anonymous_2)
FNDA:3,fetchUserFollowersAsync
FNDA:0,(anonymous_4)
FNDA:0,(anonymous_5)
FNDA:3,fetchUserRepositoriesAsync
FNDA:0,(anonymous_7)
FNDA:0,(anonymous_8)
FNDA:3,fetchUserOrgsAsync
FNDA:0,(anonymous_10)
FNDA:0,(anonymous_11)
FNDA:3,fetchUserRepositoriesByCriteriaAsync
FNDA:0,(anonymous_13)
FNDA:0,(anonymous_14)
FNDA:3,fetchUserRepositoriesByCriteriaBestAsync
FNDA:0,(anonymous_16)
FNDA:0,(anonymous_17)
FNDA:3,fetchUserRepositoriesByCriteriaBestFastGrowingAsync
FNDA:0,(anonymous_19)
FNDA:0,(anonymous_20)
DA:6,3
DA:9,3
DA:10,3
DA:11,0
DA:12,0
DA:13,1
DA:14,1
DA:16,1
DA:21,3
DA:22,3
DA:23,0
DA:24,0
DA:27,1
DA:28,1
DA:30,1
DA:35,3
DA:36,3
DA:37,0
DA:38,0
DA:41,1
DA:42,1
DA:44,1
DA:49,3
DA:50,3
DA:51,0
DA:52,0
DA:55,1
DA:56,1
DA:58,1
DA:63,3
DA:64,3
DA:65,0
DA:66,0
DA:69,1
DA:70,1
DA:72,1
DA:77,3
DA:78,3
DA:79,0
DA:80,0
DA:83,1
DA:84,1
DA:86,1
DA:92,3
DA:93,3
DA:94,0
DA:95,0
DA:98,1
DA:99,1
DA:101,1
LF:50
LH:36
BRDA:65,0,0,0
BRDA:65,0,1,0
BRF:2
BRH:0
end_of_record
TN:
SF:E:\GitHub\CIIT_Labs\lab7\src\components\LabelWithIcon.js
FN:10,(anonymous_0)
FNF:1
FNH:1
FNDA:8,(anonymous_0)
DA:11,8
DA:12,8
LF:2
LH:2
BRDA:16,0,0,4
BRDA:16,0,1,4
BRDA:17,1,0,3
BRDA:17,1,1,1
BRDA:18,2,0,3
BRDA:18,2,1,1
BRDA:18,3,0,3
BRDA:18,3,1,1
BRF:8
BRH:8
end_of_record
TN:
SF:E:\GitHub\CIIT_Labs\lab7\src\components\NavBar.js
FN:9,(anonymous_0)
FN:11,(anonymous_1)
FN:12,(anonymous_2)
FN:17,(anonymous_3)
FNF:4
FNH:4
FNDA:2,(anonymous_0)
FNDA:1,(anonymous_1)
FNDA:2,(anonymous_2)
FNDA:2,(anonymous_3)
DA:10,2
DA:11,1
DA:13,2
DA:17,2
LF:4
LH:4
BRF:0
BRH:0
end_of_record
TN:
SF:E:\GitHub\CIIT_Labs\lab7\src\components\UserInfo.js
FN:9,(anonymous_0)
FNF:1
FNH:1
FNDA:4,(anonymous_0)
DA:10,4
DA:11,4
LF:2
LH:2
BRDA:12,0,0,3
BRDA:12,0,1,1
BRF:2
BRH:2
end_of_record
TN:
SF:E:\GitHub\CIIT_Labs\lab7\src\components\UserTabs.js
FN:7,(anonymous_0)
FN:18,(anonymous_1)
FN:25,(anonymous_2)
FN:29,(anonymous_3)
FN:35,(anonymous_4)
FN:50,(anonymous_5)
FN:54,(anonymous_6)
FN:57,(anonymous_7)
FNF:8
FNH:6
FNDA:2,(anonymous_0)
FNDA:0,(anonymous_1)
FNDA:4,(anonymous_2)
FNDA:0,(anonymous_3)
FNDA:4,(anonymous_4)
FNDA:2,(anonymous_5)
FNDA:4,(anonymous_6)
FNDA:4,(anonymous_7)
DA:8,2
DA:9,2
DA:10,2
DA:19,0
DA:20,0
DA:26,4
DA:29,0
DA:36,4
DA:51,2
DA:54,4
DA:57,4
LF:11
LH:8
BRDA:19,0,0,0
BRDA:19,0,1,0
BRF:2
BRH:0
end_of_record
TN:
SF:E:\GitHub\CIIT_Labs\lab7\src\containers\AnotherPage.js
FN:7,(anonymous_0)
FN:13,(anonymous_1)
FN:15,(anonymous_2)
FN:18,(anonymous_3)
FN:26,(anonymous_4)
FN:35,(anonymous_5)
FN:45,(anonymous_6)
FN:49,(anonymous_7)
FN:50,(anonymous_8)
FN:51,(anonymous_9)
FNF:10
FNH:10
FNDA:3,(anonymous_0)
FNDA:2,(anonymous_1)
FNDA:4,(anonymous_2)
FNDA:3,(anonymous_3)
FNDA:1,(anonymous_4)
FNDA:1,(anonymous_5)
FNDA:3,(anonymous_6)
FNDA:3,(anonymous_7)
FNDA:3,(anonymous_8)
FNDA:3,(anonymous_9)
DA:8,3
DA:9,3
DA:10,3
DA:14,2
DA:15,4
DA:19,3
DA:20,3
DA:26,1
DA:35,1
DA:45,3
DA:49,3
DA:50,3
DA:51,3
LF:13
LH:13
BRDA:24,0,0,2
BRDA:24,0,1,1
BRDA:25,1,0,1
BRDA:25,1,1,1
BRDA:33,2,0,2
BRDA:33,2,1,1
BRDA:34,3,0,1
BRDA:34,3,1,1
BRF:8
BRH:8
end_of_record
TN:
SF:E:\GitHub\CIIT_Labs\lab7\src\containers\Home.js
FN:9,(anonymous_0)
FN:14,(anonymous_1)
FN:28,(anonymous_2)
FN:32,(anonymous_3)
FN:33,(anonymous_4)
FN:34,(anonymous_5)
FNF:6
FNH:6
FNDA:1,(anonymous_0)
FNDA:1,(anonymous_1)
FNDA:1,(anonymous_2)
FNDA:1,(anonymous_3)
FNDA:1,(anonymous_4)
FNDA:1,(anonymous_5)
DA:10,1
DA:11,1
DA:12,1
DA:15,1
DA:28,2
DA:32,2
DA:33,1
DA:34,1
LF:8
LH:8
BRF:0
BRH:0
end_of_record
TN:
SF:E:\GitHub\CIIT_Labs\lab7\src\containers\RepositoriesPage.js
FN:7,(anonymous_0)
FN:9,(anonymous_1)
FN:12,(anonymous_2)
FN:29,(anonymous_3)
FN:37,(anonymous_4)
FN:42,(anonymous_5)
FN:53,(anonymous_6)
FN:63,(anonymous_7)
FN:67,(anonymous_8)
FN:68,(anonymous_9)
FN:69,(anonymous_10)
FN:70,(anonymous_11)
FNF:12
FNH:6
FNDA:1,(anonymous_0)
FNDA:2,(anonymous_1)
FNDA:2,(anonymous_2)
FNDA:0,(anonymous_3)
FNDA:0,(anonymous_4)
FNDA:0,(anonymous_5)
FNDA:1,(anonymous_6)
FNDA:2,(anonymous_7)
FNDA:2,(anonymous_8)
FNDA:0,(anonymous_9)
FNDA:0,(anonymous_10)
FNDA:0,(anonymous_11)
DA:8,1
DA:9,2
DA:13,2
DA:14,2
DA:29,0
DA:37,0
DA:42,0
DA:53,1
DA:63,2
DA:67,2
DA:68,0
DA:69,0
DA:70,0
LF:13
LH:7
BRDA:50,0,0,1
BRDA:50,0,1,1
BRDA:50,1,0,2
BRDA:50,1,1,2
BRF:4
BRH:4
end_of_record
TN:
SF:E:\GitHub\CIIT_Labs\lab7\src\reducers\rootReducer.js
FNF:0
FNH:0
LF:0
LH:0
BRF:0
BRH:0
end_of_record
TN:
SF:E:\GitHub\CIIT_Labs\lab7\src\reducers\searchReducer.js
FN:8,(anonymous_0)
FNF:1
FNH:1
FNDA:6,(anonymous_0)
DA:3,2
DA:8,2
DA:9,6
DA:11,1
DA:13,1
DA:15,4
LF:6
LH:6
BRDA:8,0,0,6
BRDA:9,1,0,1
BRDA:9,1,1,1
BRDA:9,1,2,4
BRF:4
BRH:4
end_of_record
TN:
SF:E:\GitHub\CIIT_Labs\lab7\src\reducers\userReducer.js
FN:17,(anonymous_0)
FNF:1
FNH:1
FNDA:9,(anonymous_0)
DA:3,2
DA:17,2
DA:18,9
DA:20,1
DA:21,1
DA:23,1
DA:25,1
DA:27,1
DA:29,1
DA:31,4
LF:10
LH:10
BRDA:17,0,0,9
BRDA:18,1,0,1
BRDA:18,1,1,1
BRDA:18,1,2,1
BRDA:18,1,3,1
BRDA:18,1,4,1
BRDA:18,1,5,4
BRF:7
BRH:7
end_of_record
